Analysis & Synthesis report for TEXT_CONVERT
Mon Jul 05 23:01:36 2021
Quartus II 64-Bit Version 13.0.1 Build 232 06/12/2013 Service Pack 1 SJ Web Edition


---------------------
; Table of Contents ;
---------------------
  1. Legal Notice
  2. Analysis & Synthesis Summary
  3. Analysis & Synthesis Settings
  4. Parallel Compilation
  5. Analysis & Synthesis Source Files Read
  6. Analysis & Synthesis Resource Usage Summary
  7. Analysis & Synthesis Resource Utilization by Entity
  8. State Machine - |TEXT_CONVERT|CONTROLLER:u2_controller|fsm_state
  9. State Machine - |TEXT_CONVERT|UART_TOP:u1_uart|UART_TX:u2_UART_TX|fsm_state
 10. State Machine - |TEXT_CONVERT|UART_TOP:u1_uart|UART_RX:u1_UART_RX|fsm_state
 11. Registers Removed During Synthesis
 12. General Register Statistics
 13. Inverted Register Statistics
 14. Multiplexer Restructuring Statistics (Restructuring Performed)
 15. Parameter Settings for User Entity Instance: UART_TOP:u1_uart
 16. Parameter Settings for User Entity Instance: UART_TOP:u1_uart|UART_RX:u1_UART_RX
 17. Parameter Settings for User Entity Instance: UART_TOP:u1_uart|UART_TX:u2_UART_TX
 18. Port Connectivity Checks: "CONTROLLER:u2_controller|down_der:u2"
 19. Elapsed Time Per Partition
 20. Analysis & Synthesis Messages



----------------
; Legal Notice ;
----------------
Copyright (C) 1991-2013 Altera Corporation
Your use of Altera Corporation's design tools, logic functions 
and other software and tools, and its AMPP partner logic 
functions, and any output files from any of the foregoing 
(including device programming or simulation files), and any 
associated documentation or information are expressly subject 
to the terms and conditions of the Altera Program License 
Subscription Agreement, Altera MegaCore Function License 
Agreement, or other applicable license agreement, including, 
without limitation, that your use is for the sole purpose of 
programming logic devices manufactured by Altera and sold by 
Altera or its authorized distributors.  Please refer to the 
applicable agreement for further details.



+--------------------------------------------------------------------------------------+
; Analysis & Synthesis Summary                                                         ;
+------------------------------------+-------------------------------------------------+
; Analysis & Synthesis Status        ; Successful - Mon Jul 05 23:01:36 2021           ;
; Quartus II 64-Bit Version          ; 13.0.1 Build 232 06/12/2013 SP 1 SJ Web Edition ;
; Revision Name                      ; TEXT_CONVERT                                    ;
; Top-level Entity Name              ; TEXT_CONVERT                                    ;
; Family                             ; Cyclone II                                      ;
; Total logic elements               ; 259                                             ;
;     Total combinational functions  ; 240                                             ;
;     Dedicated logic registers      ; 110                                             ;
; Total registers                    ; 110                                             ;
; Total pins                         ; 76                                              ;
; Total virtual pins                 ; 0                                               ;
; Total memory bits                  ; 0                                               ;
; Embedded Multiplier 9-bit elements ; 0                                               ;
; Total PLLs                         ; 0                                               ;
+------------------------------------+-------------------------------------------------+


+----------------------------------------------------------------------------------------------------------------------+
; Analysis & Synthesis Settings                                                                                        ;
+----------------------------------------------------------------------------+--------------------+--------------------+
; Option                                                                     ; Setting            ; Default Value      ;
+----------------------------------------------------------------------------+--------------------+--------------------+
; Device                                                                     ; EP2C20F484C7       ;                    ;
; Top-level entity name                                                      ; TEXT_CONVERT       ; TEXT_CONVERT       ;
; Family name                                                                ; Cyclone II         ; Cyclone IV GX      ;
; Use smart compilation                                                      ; Off                ; Off                ;
; Enable parallel Assembler and TimeQuest Timing Analyzer during compilation ; On                 ; On                 ;
; Enable compact report table                                                ; Off                ; Off                ;
; Restructure Multiplexers                                                   ; Auto               ; Auto               ;
; Create Debugging Nodes for IP Cores                                        ; Off                ; Off                ;
; Preserve fewer node names                                                  ; On                 ; On                 ;
; Disable OpenCore Plus hardware evaluation                                  ; Off                ; Off                ;
; Verilog Version                                                            ; Verilog_2001       ; Verilog_2001       ;
; VHDL Version                                                               ; VHDL_1993          ; VHDL_1993          ;
; State Machine Processing                                                   ; Auto               ; Auto               ;
; Safe State Machine                                                         ; Off                ; Off                ;
; Extract Verilog State Machines                                             ; On                 ; On                 ;
; Extract VHDL State Machines                                                ; On                 ; On                 ;
; Ignore Verilog initial constructs                                          ; Off                ; Off                ;
; Iteration limit for constant Verilog loops                                 ; 5000               ; 5000               ;
; Iteration limit for non-constant Verilog loops                             ; 250                ; 250                ;
; Add Pass-Through Logic to Inferred RAMs                                    ; On                 ; On                 ;
; Infer RAMs from Raw Logic                                                  ; On                 ; On                 ;
; Parallel Synthesis                                                         ; On                 ; On                 ;
; DSP Block Balancing                                                        ; Auto               ; Auto               ;
; NOT Gate Push-Back                                                         ; On                 ; On                 ;
; Power-Up Don't Care                                                        ; On                 ; On                 ;
; Remove Redundant Logic Cells                                               ; Off                ; Off                ;
; Remove Duplicate Registers                                                 ; On                 ; On                 ;
; Ignore CARRY Buffers                                                       ; Off                ; Off                ;
; Ignore CASCADE Buffers                                                     ; Off                ; Off                ;
; Ignore GLOBAL Buffers                                                      ; Off                ; Off                ;
; Ignore ROW GLOBAL Buffers                                                  ; Off                ; Off                ;
; Ignore LCELL Buffers                                                       ; Off                ; Off                ;
; Ignore SOFT Buffers                                                        ; On                 ; On                 ;
; Limit AHDL Integers to 32 Bits                                             ; Off                ; Off                ;
; Optimization Technique                                                     ; Balanced           ; Balanced           ;
; Carry Chain Length                                                         ; 70                 ; 70                 ;
; Auto Carry Chains                                                          ; On                 ; On                 ;
; Auto Open-Drain Pins                                                       ; On                 ; On                 ;
; Perform WYSIWYG Primitive Resynthesis                                      ; Off                ; Off                ;
; Auto ROM Replacement                                                       ; On                 ; On                 ;
; Auto RAM Replacement                                                       ; On                 ; On                 ;
; Auto Shift Register Replacement                                            ; Auto               ; Auto               ;
; Allow Shift Register Merging across Hierarchies                            ; Auto               ; Auto               ;
; Auto Clock Enable Replacement                                              ; On                 ; On                 ;
; Strict RAM Replacement                                                     ; Off                ; Off                ;
; Allow Synchronous Control Signals                                          ; On                 ; On                 ;
; Force Use of Synchronous Clear Signals                                     ; Off                ; Off                ;
; Auto RAM to Logic Cell Conversion                                          ; Off                ; Off                ;
; Auto Resource Sharing                                                      ; Off                ; Off                ;
; Allow Any RAM Size For Recognition                                         ; Off                ; Off                ;
; Allow Any ROM Size For Recognition                                         ; Off                ; Off                ;
; Allow Any Shift Register Size For Recognition                              ; Off                ; Off                ;
; Use LogicLock Constraints during Resource Balancing                        ; On                 ; On                 ;
; Ignore translate_off and synthesis_off directives                          ; Off                ; Off                ;
; Timing-Driven Synthesis                                                    ; Off                ; Off                ;
; Report Parameter Settings                                                  ; On                 ; On                 ;
; Report Source Assignments                                                  ; On                 ; On                 ;
; Report Connectivity Checks                                                 ; On                 ; On                 ;
; Ignore Maximum Fan-Out Assignments                                         ; Off                ; Off                ;
; Synchronization Register Chain Length                                      ; 2                  ; 2                  ;
; PowerPlay Power Optimization                                               ; Normal compilation ; Normal compilation ;
; HDL message level                                                          ; Level2             ; Level2             ;
; Suppress Register Optimization Related Messages                            ; Off                ; Off                ;
; Number of Removed Registers Reported in Synthesis Report                   ; 5000               ; 5000               ;
; Number of Swept Nodes Reported in Synthesis Report                         ; 5000               ; 5000               ;
; Number of Inverted Registers Reported in Synthesis Report                  ; 100                ; 100                ;
; Clock MUX Protection                                                       ; On                 ; On                 ;
; Auto Gated Clock Conversion                                                ; Off                ; Off                ;
; Block Design Naming                                                        ; Auto               ; Auto               ;
; SDC constraint protection                                                  ; Off                ; Off                ;
; Synthesis Effort                                                           ; Auto               ; Auto               ;
; Shift Register Replacement - Allow Asynchronous Clear Signal               ; On                 ; On                 ;
; Pre-Mapping Resynthesis Optimization                                       ; Off                ; Off                ;
; Analysis & Synthesis Message Level                                         ; Medium             ; Medium             ;
; Disable Register Merging Across Hierarchies                                ; Auto               ; Auto               ;
; Resource Aware Inference For Block RAM                                     ; On                 ; On                 ;
; Synthesis Seed                                                             ; 1                  ; 1                  ;
+----------------------------------------------------------------------------+--------------------+--------------------+


+------------------------------------------+
; Parallel Compilation                     ;
+----------------------------+-------------+
; Processors                 ; Number      ;
+----------------------------+-------------+
; Number detected on machine ; 8           ;
; Maximum allowed            ; 4           ;
;                            ;             ;
; Average used               ; 1.00        ;
; Maximum used               ; 1           ;
;                            ;             ;
; Usage by Processor         ; % Time Used ;
;     Processor 1            ; 100.0%      ;
;     Processors 2-8         ;   0.0%      ;
+----------------------------+-------------+


+--------------------------------------------------------------------------------------------------------------------------------------------------------------------------------------------------+
; Analysis & Synthesis Source Files Read                                                                                                                                                           ;
+----------------------------------+-----------------+-----------------+-----------------------------------------------------------------------------------------------------------------+---------+
; File Name with User-Entered Path ; Used in Netlist ; File Type       ; File Name with Absolute Path                                                                                    ; Library ;
+----------------------------------+-----------------+-----------------+-----------------------------------------------------------------------------------------------------------------+---------+
; ../src/UART_TX.vhd               ; yes             ; User VHDL File  ; C:/Users/User/OneDrive - ort braude college of engineering/STUDY/PLD - VHDL/final EX/src/UART_TX.vhd            ;         ;
; ../src/UART_TOP.vhd              ; yes             ; User VHDL File  ; C:/Users/User/OneDrive - ort braude college of engineering/STUDY/PLD - VHDL/final EX/src/UART_TOP.vhd           ;         ;
; ../src/UART_RX.vhd               ; yes             ; User VHDL File  ; C:/Users/User/OneDrive - ort braude college of engineering/STUDY/PLD - VHDL/final EX/src/UART_RX.vhd            ;         ;
; ../src/TEXT_CONVERT.vhd          ; yes             ; User VHDL File  ; C:/Users/User/OneDrive - ort braude college of engineering/STUDY/PLD - VHDL/final EX/src/TEXT_CONVERT.vhd       ;         ;
; ../src/stabilizer.vhd            ; yes             ; User VHDL File  ; C:/Users/User/OneDrive - ort braude college of engineering/STUDY/PLD - VHDL/final EX/src/stabilizer.vhd         ;         ;
; ../src/down_der.vhd              ; yes             ; User VHDL File  ; C:/Users/User/OneDrive - ort braude college of engineering/STUDY/PLD - VHDL/final EX/src/down_der.vhd           ;         ;
; ../src/CONTROLLER.vhd            ; yes             ; User VHDL File  ; C:/Users/User/OneDrive - ort braude college of engineering/STUDY/PLD - VHDL/final EX/src/CONTROLLER.vhd         ;         ;
; ../src/bin2bcd_12bit_sync.vhd    ; yes             ; User VHDL File  ; C:/Users/User/OneDrive - ort braude college of engineering/STUDY/PLD - VHDL/final EX/src/bin2bcd_12bit_sync.vhd ;         ;
; ../src/bcd_to_7seg.vhd           ; yes             ; User VHDL File  ; C:/Users/User/OneDrive - ort braude college of engineering/STUDY/PLD - VHDL/final EX/src/bcd_to_7seg.vhd        ;         ;
+----------------------------------+-----------------+-----------------+-----------------------------------------------------------------------------------------------------------------+---------+


+-----------------------------------------------------+
; Analysis & Synthesis Resource Usage Summary         ;
+---------------------------------------------+-------+
; Resource                                    ; Usage ;
+---------------------------------------------+-------+
; Estimated Total logic elements              ; 259   ;
;                                             ;       ;
; Total combinational functions               ; 240   ;
; Logic element usage by number of LUT inputs ;       ;
;     -- 4 input functions                    ; 154   ;
;     -- 3 input functions                    ; 44    ;
;     -- <=2 input functions                  ; 42    ;
;                                             ;       ;
; Logic elements by mode                      ;       ;
;     -- normal mode                          ; 204   ;
;     -- arithmetic mode                      ; 36    ;
;                                             ;       ;
; Total registers                             ; 110   ;
;     -- Dedicated logic registers            ; 110   ;
;     -- I/O registers                        ; 0     ;
;                                             ;       ;
; I/O pins                                    ; 76    ;
; Embedded Multiplier 9-bit elements          ; 0     ;
; Maximum fan-out node                        ; CLK   ;
; Maximum fan-out                             ; 110   ;
; Total fan-out                               ; 1233  ;
; Average fan-out                             ; 2.89  ;
+---------------------------------------------+-------+


+---------------------------------------------------------------------------------------------------------------------------------------------------------------------------------------------------------------------------------+
; Analysis & Synthesis Resource Utilization by Entity                                                                                                                                                                             ;
+------------------------------------+-------------------+--------------+-------------+--------------+---------+-----------+------+--------------+-----------------------------------------------------------------+--------------+
; Compilation Hierarchy Node         ; LC Combinationals ; LC Registers ; Memory Bits ; DSP Elements ; DSP 9x9 ; DSP 18x18 ; Pins ; Virtual Pins ; Full Hierarchy Name                                             ; Library Name ;
+------------------------------------+-------------------+--------------+-------------+--------------+---------+-----------+------+--------------+-----------------------------------------------------------------+--------------+
; |TEXT_CONVERT                      ; 240 (0)           ; 110 (0)      ; 0           ; 0            ; 0       ; 0         ; 76   ; 0            ; |TEXT_CONVERT                                                   ; work         ;
;    |CONTROLLER:u2_controller|      ; 39 (38)           ; 25 (22)      ; 0           ; 0            ; 0       ; 0         ; 0    ; 0            ; |TEXT_CONVERT|CONTROLLER:u2_controller                          ; work         ;
;       |down_der:u2|                ; 1 (1)             ; 1 (1)        ; 0           ; 0            ; 0       ; 0         ; 0    ; 0            ; |TEXT_CONVERT|CONTROLLER:u2_controller|down_der:u2              ; work         ;
;       |stabilizer:u1|              ; 0 (0)             ; 2 (2)        ; 0           ; 0            ; 0       ; 0         ; 0    ; 0            ; |TEXT_CONVERT|CONTROLLER:u2_controller|stabilizer:u1            ; work         ;
;    |UART_TOP:u1_uart|              ; 98 (0)            ; 58 (0)       ; 0           ; 0            ; 0       ; 0         ; 0    ; 0            ; |TEXT_CONVERT|UART_TOP:u1_uart                                  ; work         ;
;       |UART_RX:u1_UART_RX|         ; 59 (59)           ; 35 (33)      ; 0           ; 0            ; 0       ; 0         ; 0    ; 0            ; |TEXT_CONVERT|UART_TOP:u1_uart|UART_RX:u1_UART_RX               ; work         ;
;          |stabilizer:u1|           ; 0 (0)             ; 2 (2)        ; 0           ; 0            ; 0       ; 0         ; 0    ; 0            ; |TEXT_CONVERT|UART_TOP:u1_uart|UART_RX:u1_UART_RX|stabilizer:u1 ; work         ;
;       |UART_TX:u2_UART_TX|         ; 39 (39)           ; 23 (23)      ; 0           ; 0            ; 0       ; 0         ; 0    ; 0            ; |TEXT_CONVERT|UART_TOP:u1_uart|UART_TX:u2_UART_TX               ; work         ;
;    |bcd_to_7seg:u4_bcd2seg_1|      ; 7 (7)             ; 0 (0)        ; 0           ; 0            ; 0       ; 0         ; 0    ; 0            ; |TEXT_CONVERT|bcd_to_7seg:u4_bcd2seg_1                          ; work         ;
;    |bcd_to_7seg:u5_bcd2seg_10|     ; 7 (7)             ; 0 (0)        ; 0           ; 0            ; 0       ; 0         ; 0    ; 0            ; |TEXT_CONVERT|bcd_to_7seg:u5_bcd2seg_10                         ; work         ;
;    |bcd_to_7seg:u6_bcd2seg_100|    ; 7 (7)             ; 0 (0)        ; 0           ; 0            ; 0       ; 0         ; 0    ; 0            ; |TEXT_CONVERT|bcd_to_7seg:u6_bcd2seg_100                        ; work         ;
;    |bcd_to_7seg:u7_bcd2seg_1000|   ; 7 (7)             ; 0 (0)        ; 0           ; 0            ; 0       ; 0         ; 0    ; 0            ; |TEXT_CONVERT|bcd_to_7seg:u7_bcd2seg_1000                       ; work         ;
;    |bin2bcd_12bit_sync:u3_bin2bcd| ; 75 (75)           ; 27 (27)      ; 0           ; 0            ; 0       ; 0         ; 0    ; 0            ; |TEXT_CONVERT|bin2bcd_12bit_sync:u3_bin2bcd                     ; work         ;
+------------------------------------+-------------------+--------------+-------------+--------------+---------+-----------+------+--------------+-----------------------------------------------------------------+--------------+
Note: For table entries with two numbers listed, the numbers in parentheses indicate the number of resources of the given type used by the specific entity alone. The numbers listed outside of parentheses indicate the total resources of the given type used by the specific entity and all of its sub-entities in the hierarchy.


Encoding Type:  One-Hot
+--------------------------------------------------------------------------------------------------------------------------+
; State Machine - |TEXT_CONVERT|CONTROLLER:u2_controller|fsm_state                                                         ;
+---------------------+--------------------+---------------------+---------------------+------------------+----------------+
; Name                ; fsm_state.transmit ; fsm_state.load_data ; fsm_state.save_data ; fsm_state.recive ; fsm_state.idle ;
+---------------------+--------------------+---------------------+---------------------+------------------+----------------+
; fsm_state.idle      ; 0                  ; 0                   ; 0                   ; 0                ; 0              ;
; fsm_state.recive    ; 0                  ; 0                   ; 0                   ; 1                ; 1              ;
; fsm_state.save_data ; 0                  ; 0                   ; 1                   ; 0                ; 1              ;
; fsm_state.load_data ; 0                  ; 1                   ; 0                   ; 0                ; 1              ;
; fsm_state.transmit  ; 1                  ; 0                   ; 0                   ; 0                ; 1              ;
+---------------------+--------------------+---------------------+---------------------+------------------+----------------+


Encoding Type:  One-Hot
+---------------------------------------------------------------------------------------------------------------------+
; State Machine - |TEXT_CONVERT|UART_TOP:u1_uart|UART_TX:u2_UART_TX|fsm_state                                         ;
+--------------------------+------------------------+---------------------+--------------------------+----------------+
; Name                     ; fsm_state.send_end_bit ; fsm_state.send_data ; fsm_state.send_start_bit ; fsm_state.idle ;
+--------------------------+------------------------+---------------------+--------------------------+----------------+
; fsm_state.idle           ; 0                      ; 0                   ; 0                        ; 0              ;
; fsm_state.send_start_bit ; 0                      ; 0                   ; 1                        ; 1              ;
; fsm_state.send_data      ; 0                      ; 1                   ; 0                        ; 1              ;
; fsm_state.send_end_bit   ; 1                      ; 0                   ; 0                        ; 1              ;
+--------------------------+------------------------+---------------------+--------------------------+----------------+


Encoding Type:  One-Hot
+-----------------------------------------------------------------------------------------------------------------+
; State Machine - |TEXT_CONVERT|UART_TOP:u1_uart|UART_RX:u1_UART_RX|fsm_state                                     ;
+-------------------------+-----------------------+--------------------+-------------------------+----------------+
; Name                    ; fsm_state.get_end_bit ; fsm_state.get_data ; fsm_state.get_start_bit ; fsm_state.idle ;
+-------------------------+-----------------------+--------------------+-------------------------+----------------+
; fsm_state.idle          ; 0                     ; 0                  ; 0                       ; 0              ;
; fsm_state.get_start_bit ; 0                     ; 0                  ; 1                       ; 1              ;
; fsm_state.get_data      ; 0                     ; 1                  ; 0                       ; 1              ;
; fsm_state.get_end_bit   ; 1                     ; 0                  ; 0                       ; 1              ;
+-------------------------+-----------------------+--------------------+-------------------------+----------------+


+-----------------------------------------------------------------------------------------------------------------+
; Registers Removed During Synthesis                                                                              ;
+---------------------------------------------------+-------------------------------------------------------------+
; Register name                                     ; Reason for Removal                                          ;
+---------------------------------------------------+-------------------------------------------------------------+
; bin2bcd_12bit_sync:u3_bin2bcd|thousands[3]        ; Stuck at GND due to stuck port data_in                      ;
; UART_TOP:u1_uart|UART_RX:u1_UART_RX|max_cnt[7,9]  ; Merged with UART_TOP:u1_uart|UART_RX:u1_UART_RX|max_cnt[11] ;
; UART_TOP:u1_uart|UART_RX:u1_UART_RX|max_cnt[1,8]  ; Merged with UART_TOP:u1_uart|UART_RX:u1_UART_RX|max_cnt[10] ;
; UART_TOP:u1_uart|UART_RX:u1_UART_RX|max_cnt[3..6] ; Merged with UART_TOP:u1_uart|UART_RX:u1_UART_RX|max_cnt[2]  ;
; UART_TOP:u1_uart|UART_RX:u1_UART_RX|max_cnt[2]    ; Stuck at VCC due to stuck port data_in                      ;
; UART_TOP:u1_uart|UART_RX:u1_UART_RX|max_cnt[0]    ; Stuck at GND due to stuck port data_in                      ;
; Total Number of Removed Registers = 11            ;                                                             ;
+---------------------------------------------------+-------------------------------------------------------------+


+------------------------------------------------------+
; General Register Statistics                          ;
+----------------------------------------------+-------+
; Statistic                                    ; Value ;
+----------------------------------------------+-------+
; Total registers                              ; 110   ;
; Number of registers using Synchronous Clear  ; 28    ;
; Number of registers using Synchronous Load   ; 0     ;
; Number of registers using Asynchronous Clear ; 60    ;
; Number of registers using Asynchronous Load  ; 0     ;
; Number of registers using Clock Enable       ; 26    ;
; Number of registers using Preset             ; 0     ;
+----------------------------------------------+-------+


+-----------------------------------------------------------+
; Inverted Register Statistics                              ;
+-------------------------------------------------+---------+
; Inverted Register                               ; Fan out ;
+-------------------------------------------------+---------+
; UART_TOP:u1_uart|UART_TX:u2_UART_TX|TX          ; 2       ;
; CONTROLLER:u2_controller|sram_we_n_sig          ; 8       ;
; CONTROLLER:u2_controller|sram_oe_n_sig          ; 7       ;
; UART_TOP:u1_uart|UART_RX:u1_UART_RX|max_cnt[10] ; 2       ;
; Total number of inverted registers = 4          ;         ;
+-------------------------------------------------+---------+


+--------------------------------------------------------------------------------------------------------------------------------------------------------------------------------+
; Multiplexer Restructuring Statistics (Restructuring Performed)                                                                                                                 ;
+--------------------+-----------+---------------+----------------------+------------------------+------------+------------------------------------------------------------------+
; Multiplexer Inputs ; Bus Width ; Baseline Area ; Area if Restructured ; Saving if Restructured ; Registered ; Example Multiplexer Output                                       ;
+--------------------+-----------+---------------+----------------------+------------------------+------------+------------------------------------------------------------------+
; 3:1                ; 12 bits   ; 24 LEs        ; 12 LEs               ; 12 LEs                 ; Yes        ; |TEXT_CONVERT|UART_TOP:u1_uart|UART_TX:u2_UART_TX|clk_counter[0] ;
; 3:1                ; 12 bits   ; 24 LEs        ; 12 LEs               ; 12 LEs                 ; Yes        ; |TEXT_CONVERT|UART_TOP:u1_uart|UART_RX:u1_UART_RX|clk_counter[2] ;
; 9:1                ; 12 bits   ; 72 LEs        ; 12 LEs               ; 60 LEs                 ; Yes        ; |TEXT_CONVERT|CONTROLLER:u2_controller|address_counter[1]        ;
; 3:1                ; 2 bits    ; 4 LEs         ; 2 LEs                ; 2 LEs                  ; Yes        ; |TEXT_CONVERT|UART_TOP:u1_uart|UART_RX:u1_UART_RX|max_cnt[2]     ;
; 3:1                ; 4 bits    ; 8 LEs         ; 8 LEs                ; 0 LEs                  ; No         ; |TEXT_CONVERT|UART_TOP:u1_uart|UART_RX:u1_UART_RX|Rx_idx         ;
; 5:1                ; 2 bits    ; 6 LEs         ; 4 LEs                ; 2 LEs                  ; No         ; |TEXT_CONVERT|bcd_to_7seg:u4_bcd2seg_1|D_OUT[5]                  ;
; 5:1                ; 2 bits    ; 6 LEs         ; 4 LEs                ; 2 LEs                  ; No         ; |TEXT_CONVERT|bcd_to_7seg:u5_bcd2seg_10|D_OUT[5]                 ;
; 5:1                ; 2 bits    ; 6 LEs         ; 4 LEs                ; 2 LEs                  ; No         ; |TEXT_CONVERT|bcd_to_7seg:u6_bcd2seg_100|D_OUT[6]                ;
+--------------------+-----------+---------------+----------------------+------------------------+------------+------------------------------------------------------------------+


+---------------------------------------------------------------+
; Parameter Settings for User Entity Instance: UART_TOP:u1_uart ;
+----------------+-------+--------------------------------------+
; Parameter Name ; Value ; Type                                 ;
+----------------+-------+--------------------------------------+
; g_div          ; 9600  ; Signed Integer                       ;
+----------------+-------+--------------------------------------+
Note: In order to hide this table in the UI and the text report file, please set the "Show Parameter Settings in Synthesis Report" option in "Analysis and Synthesis Settings -> More Settings" to "Off".


+----------------------------------------------------------------------------------+
; Parameter Settings for User Entity Instance: UART_TOP:u1_uart|UART_RX:u1_UART_RX ;
+----------------+-------+---------------------------------------------------------+
; Parameter Name ; Value ; Type                                                    ;
+----------------+-------+---------------------------------------------------------+
; g_div          ; 9600  ; Signed Integer                                          ;
; max_bit        ; 7     ; Signed Integer                                          ;
; t_bit          ; 2812  ; Signed Integer                                          ;
; t_bit_half     ; 1406  ; Signed Integer                                          ;
+----------------+-------+---------------------------------------------------------+
Note: In order to hide this table in the UI and the text report file, please set the "Show Parameter Settings in Synthesis Report" option in "Analysis and Synthesis Settings -> More Settings" to "Off".


+----------------------------------------------------------------------------------+
; Parameter Settings for User Entity Instance: UART_TOP:u1_uart|UART_TX:u2_UART_TX ;
+----------------+-------+---------------------------------------------------------+
; Parameter Name ; Value ; Type                                                    ;
+----------------+-------+---------------------------------------------------------+
; g_div          ; 9600  ; Signed Integer                                          ;
; max_bit        ; 7     ; Signed Integer                                          ;
; t_bit          ; 2812  ; Signed Integer                                          ;
+----------------+-------+---------------------------------------------------------+
Note: In order to hide this table in the UI and the text report file, please set the "Show Parameter Settings in Synthesis Report" option in "Analysis and Synthesis Settings -> More Settings" to "Off".


+------------------------------------------------------------------+
; Port Connectivity Checks: "CONTROLLER:u2_controller|down_der:u2" ;
+--------+-------+----------+--------------------------------------+
; Port   ; Type  ; Severity ; Details                              ;
+--------+-------+----------+--------------------------------------+
; enable ; Input ; Info     ; Stuck at VCC                         ;
+--------+-------+----------+--------------------------------------+


+-------------------------------+
; Elapsed Time Per Partition    ;
+----------------+--------------+
; Partition Name ; Elapsed Time ;
+----------------+--------------+
; Top            ; 00:00:02     ;
+----------------+--------------+


+-------------------------------+
; Analysis & Synthesis Messages ;
+-------------------------------+
Info: *******************************************************************
Info: Running Quartus II 64-Bit Analysis & Synthesis
    Info: Version 13.0.1 Build 232 06/12/2013 Service Pack 1 SJ Web Edition
    Info: Processing started: Mon Jul 05 23:01:32 2021
Info: Command: quartus_map --read_settings_files=on --write_settings_files=off text_convert_synthesis -c TEXT_CONVERT
Warning (136002): Ignored duplicate of assignment PARTITION_SOURCE for node ""
Warning (136002): Ignored duplicate of assignment PARTITION_PRESERVE_HIGH_SPEED_TILES for node ""
Warning (136002): Ignored duplicate of assignment PARTITION_IGNORE_SOURCE_FILE_CHANGES for node ""
Warning (136002): Ignored duplicate of assignment PARTITION_ALWAYS_USE_QXP_NETLIST for node ""
Warning (136002): Ignored duplicate of assignment PARTITION_IMPORT_NEW_ASSIGNMENTS for node ""
Warning (136002): Ignored duplicate of assignment PARTITION_IMPORT_EXISTING_ASSIGNMENTS for node ""
Warning (136002): Ignored duplicate of assignment PARTITION_IMPORT_EXISTING_LOGICLOCK_REGIONS for node ""
Warning (136002): Ignored duplicate of assignment PARTITION_IMPORT_PIN_ASSIGNMENTS for node ""
Warning (136002): Ignored duplicate of assignment PARTITION_IMPORT_PROMOTE_ASSIGNMENTS for node ""
Warning (136002): Ignored duplicate of assignment PARTITION_TYPE for node ""
Warning (136002): Ignored duplicate of assignment ALLOW_MULTIPLE_PERSONAS for node ""
Warning (136002): Ignored duplicate of assignment PARTITION_ASD_REGION_ID for node ""
Warning (136002): Ignored duplicate of assignment CROSS_BOUNDARY_OPTIMIZATIONS for node ""
Warning (136002): Ignored duplicate of assignment PROPAGATE_CONSTANTS_ON_INPUTS for node ""
Warning (136002): Ignored duplicate of assignment PROPAGATE_INVERSIONS_ON_INPUTS for node ""
Warning (136002): Ignored duplicate of assignment REMOVE_LOGIC_ON_UNCONNECTED_OUTPUTS for node ""
Warning (136002): Ignored duplicate of assignment MERGE_EQUIVALENT_INPUTS for node ""
Warning (136002): Ignored duplicate of assignment MERGE_EQUIVALENT_BIDIRS for node ""
Warning (136002): Ignored duplicate of assignment ABSORB_PATHS_FROM_OUTPUTS_TO_INPUTS for node ""
Warning (136002): Ignored duplicate of assignment PARTITION_EXTRACT_HARD_BLOCK_NODES for node ""
Warning (136002): Ignored duplicate of assignment PARTITION_BACK_ANNOTATION for node ""
Warning (136002): Ignored duplicate of assignment PARTITION_COLOR for node ""
Warning (136002): Ignored duplicate of assignment PARTITION_SOURCE for node ""
Warning (136002): Ignored duplicate of assignment PARTITION_PRESERVE_HIGH_SPEED_TILES for node ""
Warning (136002): Ignored duplicate of assignment PARTITION_IGNORE_SOURCE_FILE_CHANGES for node ""
Warning (136002): Ignored duplicate of assignment PARTITION_ALWAYS_USE_QXP_NETLIST for node ""
Warning (136002): Ignored duplicate of assignment PARTITION_IMPORT_NEW_ASSIGNMENTS for node ""
Warning (136002): Ignored duplicate of assignment PARTITION_IMPORT_EXISTING_ASSIGNMENTS for node ""
Warning (136002): Ignored duplicate of assignment PARTITION_IMPORT_EXISTING_LOGICLOCK_REGIONS for node ""
Warning (136002): Ignored duplicate of assignment PARTITION_IMPORT_PIN_ASSIGNMENTS for node ""
Warning (136002): Ignored duplicate of assignment PARTITION_IMPORT_PROMOTE_ASSIGNMENTS for node ""
Warning (136002): Ignored duplicate of assignment PARTITION_TYPE for node ""
Warning (136002): Ignored duplicate of assignment ALLOW_MULTIPLE_PERSONAS for node ""
Warning (136002): Ignored duplicate of assignment PARTITION_ASD_REGION_ID for node ""
Warning (136002): Ignored duplicate of assignment CROSS_BOUNDARY_OPTIMIZATIONS for node ""
Warning (136002): Ignored duplicate of assignment PROPAGATE_CONSTANTS_ON_INPUTS for node ""
Warning (136002): Ignored duplicate of assignment PROPAGATE_INVERSIONS_ON_INPUTS for node ""
Warning (136002): Ignored duplicate of assignment REMOVE_LOGIC_ON_UNCONNECTED_OUTPUTS for node ""
Warning (136002): Ignored duplicate of assignment MERGE_EQUIVALENT_INPUTS for node ""
Warning (136002): Ignored duplicate of assignment MERGE_EQUIVALENT_BIDIRS for node ""
Warning (136002): Ignored duplicate of assignment ABSORB_PATHS_FROM_OUTPUTS_TO_INPUTS for node ""
Warning (136002): Ignored duplicate of assignment PARTITION_EXTRACT_HARD_BLOCK_NODES for node ""
Warning (136002): Ignored duplicate of assignment PARTITION_BACK_ANNOTATION for node ""
Warning (136002): Ignored duplicate of assignment PARTITION_COLOR for node ""
Warning (136002): Ignored duplicate of assignment PARTITION_SOURCE for node ""
Warning (136002): Ignored duplicate of assignment PARTITION_PRESERVE_HIGH_SPEED_TILES for node ""
Warning (136002): Ignored duplicate of assignment PARTITION_IGNORE_SOURCE_FILE_CHANGES for node ""
Warning (136002): Ignored duplicate of assignment PARTITION_ALWAYS_USE_QXP_NETLIST for node ""
Warning (136002): Ignored duplicate of assignment PARTITION_IMPORT_NEW_ASSIGNMENTS for node ""
Warning (136002): Ignored duplicate of assignment PARTITION_IMPORT_EXISTING_ASSIGNMENTS for node ""
Warning (136002): Ignored duplicate of assignment PARTITION_IMPORT_EXISTING_LOGICLOCK_REGIONS for node ""
Warning (136002): Ignored duplicate of assignment PARTITION_IMPORT_PIN_ASSIGNMENTS for node ""
Warning (136002): Ignored duplicate of assignment PARTITION_IMPORT_PROMOTE_ASSIGNMENTS for node ""
Warning (136002): Ignored duplicate of assignment PARTITION_TYPE for node ""
Warning (136002): Ignored duplicate of assignment ALLOW_MULTIPLE_PERSONAS for node ""
Warning (136002): Ignored duplicate of assignment PARTITION_ASD_REGION_ID for node ""
Warning (136002): Ignored duplicate of assignment CROSS_BOUNDARY_OPTIMIZATIONS for node ""
Warning (136002): Ignored duplicate of assignment PROPAGATE_CONSTANTS_ON_INPUTS for node ""
Warning (136002): Ignored duplicate of assignment PROPAGATE_INVERSIONS_ON_INPUTS for node ""
Warning (136002): Ignored duplicate of assignment REMOVE_LOGIC_ON_UNCONNECTED_OUTPUTS for node ""
Warning (136002): Ignored duplicate of assignment MERGE_EQUIVALENT_INPUTS for node ""
Warning (136002): Ignored duplicate of assignment MERGE_EQUIVALENT_BIDIRS for node ""
Warning (136002): Ignored duplicate of assignment ABSORB_PATHS_FROM_OUTPUTS_TO_INPUTS for node ""
Warning (136002): Ignored duplicate of assignment PARTITION_EXTRACT_HARD_BLOCK_NODES for node ""
Warning (136002): Ignored duplicate of assignment PARTITION_BACK_ANNOTATION for node ""
Warning (136002): Ignored duplicate of assignment PARTITION_COLOR for node ""
Warning (136002): Ignored duplicate of assignment PARTITION_SOURCE for node ""
Warning (136002): Ignored duplicate of assignment PARTITION_PRESERVE_HIGH_SPEED_TILES for node ""
Warning (136002): Ignored duplicate of assignment PARTITION_IGNORE_SOURCE_FILE_CHANGES for node ""
Warning (136002): Ignored duplicate of assignment PARTITION_ALWAYS_USE_QXP_NETLIST for node ""
Warning (136002): Ignored duplicate of assignment PARTITION_IMPORT_NEW_ASSIGNMENTS for node ""
Warning (136002): Ignored duplicate of assignment PARTITION_IMPORT_EXISTING_ASSIGNMENTS for node ""
Warning (136002): Ignored duplicate of assignment PARTITION_IMPORT_EXISTING_LOGICLOCK_REGIONS for node ""
Warning (136002): Ignored duplicate of assignment PARTITION_IMPORT_PIN_ASSIGNMENTS for node ""
Warning (136002): Ignored duplicate of assignment PARTITION_IMPORT_PROMOTE_ASSIGNMENTS for node ""
Warning (136002): Ignored duplicate of assignment PARTITION_TYPE for node ""
Warning (136002): Ignored duplicate of assignment ALLOW_MULTIPLE_PERSONAS for node ""
Warning (136002): Ignored duplicate of assignment PARTITION_ASD_REGION_ID for node ""
Warning (136002): Ignored duplicate of assignment CROSS_BOUNDARY_OPTIMIZATIONS for node ""
Warning (136002): Ignored duplicate of assignment PROPAGATE_CONSTANTS_ON_INPUTS for node ""
Warning (136002): Ignored duplicate of assignment PROPAGATE_INVERSIONS_ON_INPUTS for node ""
Warning (136002): Ignored duplicate of assignment REMOVE_LOGIC_ON_UNCONNECTED_OUTPUTS for node ""
Warning (136002): Ignored duplicate of assignment MERGE_EQUIVALENT_INPUTS for node ""
Warning (136002): Ignored duplicate of assignment MERGE_EQUIVALENT_BIDIRS for node ""
Warning (136002): Ignored duplicate of assignment ABSORB_PATHS_FROM_OUTPUTS_TO_INPUTS for node ""
Warning (136002): Ignored duplicate of assignment PARTITION_EXTRACT_HARD_BLOCK_NODES for node ""
Warning (136002): Ignored duplicate of assignment PARTITION_BACK_ANNOTATION for node ""
Warning (136002): Ignored duplicate of assignment PARTITION_COLOR for node ""
Info (11104): Parallel Compilation has detected 8 hyper-threaded processors. However, the extra hyper-threaded processors will not be used by default. Parallel Compilation will use 4 of the 4 physical processors detected instead.
Warning (12019): Can't analyze file -- file ../src/up_der.vhd is missing
Info (12021): Found 2 design units, including 1 entities, in source file /users/user/onedrive - ort braude college of engineering/study/pld - vhdl/final ex/src/uart_tx.vhd
    Info (12022): Found design unit 1: UART_TX-behave
    Info (12023): Found entity 1: UART_TX
Info (12021): Found 2 design units, including 1 entities, in source file /users/user/onedrive - ort braude college of engineering/study/pld - vhdl/final ex/src/uart_top.vhd
    Info (12022): Found design unit 1: UART_TOP-srtuct
    Info (12023): Found entity 1: UART_TOP
Info (12021): Found 2 design units, including 1 entities, in source file /users/user/onedrive - ort braude college of engineering/study/pld - vhdl/final ex/src/uart_rx.vhd
    Info (12022): Found design unit 1: UART_RX-behave
    Info (12023): Found entity 1: UART_RX
Info (12021): Found 2 design units, including 1 entities, in source file /users/user/onedrive - ort braude college of engineering/study/pld - vhdl/final ex/src/text_convert.vhd
    Info (12022): Found design unit 1: TEXT_CONVERT-struct
    Info (12023): Found entity 1: TEXT_CONVERT
Info (12021): Found 2 design units, including 1 entities, in source file /users/user/onedrive - ort braude college of engineering/study/pld - vhdl/final ex/src/stabilizer.vhd
    Info (12022): Found design unit 1: stabilizer-struct
    Info (12023): Found entity 1: stabilizer
Info (12021): Found 2 design units, including 1 entities, in source file /users/user/onedrive - ort braude college of engineering/study/pld - vhdl/final ex/src/down_der.vhd
    Info (12022): Found design unit 1: down_der-behave
    Info (12023): Found entity 1: down_der
Info (12021): Found 2 design units, including 1 entities, in source file /users/user/onedrive - ort braude college of engineering/study/pld - vhdl/final ex/src/controller.vhd
    Info (12022): Found design unit 1: CONTROLLER-behave
    Info (12023): Found entity 1: CONTROLLER
Info (12021): Found 2 design units, including 1 entities, in source file /users/user/onedrive - ort braude college of engineering/study/pld - vhdl/final ex/src/bin2bcd_12bit_sync.vhd
    Info (12022): Found design unit 1: bin2bcd_12bit_sync-Behavioral
    Info (12023): Found entity 1: bin2bcd_12bit_sync
Info (12021): Found 2 design units, including 1 entities, in source file /users/user/onedrive - ort braude college of engineering/study/pld - vhdl/final ex/src/bcd_to_7seg.vhd
    Info (12022): Found design unit 1: bcd_to_7seg-behave
    Info (12023): Found entity 1: bcd_to_7seg
Info (12127): Elaborating entity "TEXT_CONVERT" for the top level hierarchy
Info (12128): Elaborating entity "UART_TOP" for hierarchy "UART_TOP:u1_uart"
Info (12128): Elaborating entity "UART_RX" for hierarchy "UART_TOP:u1_uart|UART_RX:u1_UART_RX"
Info (12128): Elaborating entity "stabilizer" for hierarchy "UART_TOP:u1_uart|UART_RX:u1_UART_RX|stabilizer:u1"
Info (12128): Elaborating entity "UART_TX" for hierarchy "UART_TOP:u1_uart|UART_TX:u2_UART_TX"
Info (12128): Elaborating entity "CONTROLLER" for hierarchy "CONTROLLER:u2_controller"
Warning (10540): VHDL Signal Declaration warning at CONTROLLER.vhd(18): used explicit default value for signal "SRAM_CE_N" because signal was never assigned a value
Warning (10540): VHDL Signal Declaration warning at CONTROLLER.vhd(19): used explicit default value for signal "SRAM_UB_N" because signal was never assigned a value
Warning (10540): VHDL Signal Declaration warning at CONTROLLER.vhd(20): used explicit default value for signal "SRAM_LB_N" because signal was never assigned a value
Warning (10540): VHDL Signal Declaration warning at CONTROLLER.vhd(30): used explicit default value for signal "LED1" because signal was never assigned a value
Warning (10665): Bidirectional port "SRAM_DQ[7]" at CONTROLLER.vhd(15) has a one-way connection to bidirectional port "SRAM_DQ[15]"
Warning (10665): Bidirectional port "SRAM_DQ[6]" at CONTROLLER.vhd(15) has a one-way connection to bidirectional port "SRAM_DQ[14]"
Warning (10665): Bidirectional port "SRAM_DQ[5]" at CONTROLLER.vhd(15) has a one-way connection to bidirectional port "SRAM_DQ[13]"
Warning (10665): Bidirectional port "SRAM_DQ[4]" at CONTROLLER.vhd(15) has a one-way connection to bidirectional port "SRAM_DQ[12]"
Warning (10665): Bidirectional port "SRAM_DQ[3]" at CONTROLLER.vhd(15) has a one-way connection to bidirectional port "SRAM_DQ[11]"
Warning (10665): Bidirectional port "SRAM_DQ[2]" at CONTROLLER.vhd(15) has a one-way connection to bidirectional port "SRAM_DQ[10]"
Warning (10665): Bidirectional port "SRAM_DQ[1]" at CONTROLLER.vhd(15) has a one-way connection to bidirectional port "SRAM_DQ[9]"
Warning (10665): Bidirectional port "SRAM_DQ[0]" at CONTROLLER.vhd(15) has a one-way connection to bidirectional port "SRAM_DQ[8]"
Info (12128): Elaborating entity "down_der" for hierarchy "CONTROLLER:u2_controller|down_der:u2"
Info (12128): Elaborating entity "bin2bcd_12bit_sync" for hierarchy "bin2bcd_12bit_sync:u3_bin2bcd"
Info (12128): Elaborating entity "bcd_to_7seg" for hierarchy "bcd_to_7seg:u4_bcd2seg_1"
Warning (13046): Tri-state node(s) do not directly drive top-level pin(s)
    Warning (13047): Converted the fan-out from the tri-state buffer "CONTROLLER:u2_controller|DATA_FROM_MEM[2]" to the node "UART_TOP:u1_uart|UART_TX:u2_UART_TX|Mux0" into an OR gate
    Warning (13047): Converted the fan-out from the tri-state buffer "CONTROLLER:u2_controller|DATA_FROM_MEM[1]" to the node "UART_TOP:u1_uart|UART_TX:u2_UART_TX|Mux0" into an OR gate
    Warning (13047): Converted the fan-out from the tri-state buffer "CONTROLLER:u2_controller|DATA_FROM_MEM[0]" to the node "UART_TOP:u1_uart|UART_TX:u2_UART_TX|Mux0" into an OR gate
    Warning (13047): Converted the fan-out from the tri-state buffer "CONTROLLER:u2_controller|DATA_FROM_MEM[3]" to the node "UART_TOP:u1_uart|UART_TX:u2_UART_TX|Mux0" into an OR gate
    Warning (13047): Converted the fan-out from the tri-state buffer "CONTROLLER:u2_controller|DATA_FROM_MEM[5]" to the node "UART_TOP:u1_uart|UART_TX:u2_UART_TX|Mux0" into an OR gate
    Warning (13047): Converted the fan-out from the tri-state buffer "CONTROLLER:u2_controller|DATA_FROM_MEM[6]" to the node "UART_TOP:u1_uart|UART_TX:u2_UART_TX|Mux0" into an OR gate
    Warning (13047): Converted the fan-out from the tri-state buffer "CONTROLLER:u2_controller|DATA_FROM_MEM[4]" to the node "UART_TOP:u1_uart|UART_TX:u2_UART_TX|Mux0" into an OR gate
    Warning (13047): Converted the fan-out from the tri-state buffer "CONTROLLER:u2_controller|DATA_FROM_MEM[7]" to the node "UART_TOP:u1_uart|UART_TX:u2_UART_TX|Mux0" into an OR gate
Info (13000): Registers with preset signals will power-up high
Info (13003): DEV_CLRn pin will set, and not reset, register with preset signal due to NOT Gate Push-Back
Warning (13009): TRI or OPNDRN buffers permanently enabled
    Warning (13010): Node "CONTROLLER:u2_controller|SRAM_DQ[8]~synth"
    Warning (13010): Node "CONTROLLER:u2_controller|SRAM_DQ[9]~synth"
    Warning (13010): Node "CONTROLLER:u2_controller|SRAM_DQ[10]~synth"
    Warning (13010): Node "CONTROLLER:u2_controller|SRAM_DQ[11]~synth"
    Warning (13010): Node "CONTROLLER:u2_controller|SRAM_DQ[12]~synth"
    Warning (13010): Node "CONTROLLER:u2_controller|SRAM_DQ[13]~synth"
    Warning (13010): Node "CONTROLLER:u2_controller|SRAM_DQ[14]~synth"
    Warning (13010): Node "CONTROLLER:u2_controller|SRAM_DQ[15]~synth"
Warning (13024): Output pins are stuck at VCC or GND
    Warning (13410): Pin "SRAM_ADDR[12]" is stuck at GND
    Warning (13410): Pin "SRAM_ADDR[13]" is stuck at GND
    Warning (13410): Pin "SRAM_ADDR[14]" is stuck at GND
    Warning (13410): Pin "SRAM_ADDR[15]" is stuck at GND
    Warning (13410): Pin "SRAM_ADDR[16]" is stuck at GND
    Warning (13410): Pin "SRAM_ADDR[17]" is stuck at GND
    Warning (13410): Pin "SRAM_CE_N" is stuck at GND
    Warning (13410): Pin "SRAM_UB_N" is stuck at GND
    Warning (13410): Pin "SRAM_LB_N" is stuck at GND
    Warning (13410): Pin "LED1" is stuck at VCC
Critical Warning (18061): Ignored Power-Up Level option on the following registers
    Critical Warning (18010): Register UART_TOP:u1_uart|UART_TX:u2_UART_TX|TX will power up to High
Info (16010): Generating hard_block partition "hard_block:auto_generated_inst"
    Info (16011): Adding 0 node(s), including 0 DDIO, 0 PLL, 0 transceiver and 0 LCELL
Info (21057): Implemented 335 device resources after synthesis - the final resource count might be different
    Info (21058): Implemented 4 input pins
    Info (21059): Implemented 56 output pins
    Info (21060): Implemented 16 bidirectional pins
    Info (21061): Implemented 259 logic cells
Info: Quartus II 64-Bit Analysis & Synthesis was successful. 0 errors, 132 warnings
    Info: Peak virtual memory: 4649 megabytes
    Info: Processing ended: Mon Jul 05 23:01:36 2021
    Info: Elapsed time: 00:00:04
    Info: Total CPU time (on all processors): 00:00:04


